{"/Users/zengkai/Code/Project/Data-Structure-Algorithms/src/queue.js":{"path":"/Users/zengkai/Code/Project/Data-Structure-Algorithms/src/queue.js","s":{"1":6,"2":7,"3":1,"4":1,"5":1,"6":1,"7":1,"8":1},"b":{},"f":{"1":6,"2":7,"3":1,"4":1,"5":1,"6":1,"7":1},"fnMap":{"1":{"name":"(anonymous_1)","line":4,"loc":{"start":{"line":4,"column":13},"end":{"line":4,"column":16}}},"2":{"name":"(anonymous_2)","line":8,"loc":{"start":{"line":8,"column":9},"end":{"line":8,"column":15}}},"3":{"name":"(anonymous_3)","line":12,"loc":{"start":{"line":12,"column":9},"end":{"line":12,"column":12}}},"4":{"name":"(anonymous_4)","line":16,"loc":{"start":{"line":16,"column":7},"end":{"line":16,"column":10}}},"5":{"name":"(anonymous_5)","line":20,"loc":{"start":{"line":20,"column":9},"end":{"line":20,"column":12}}},"6":{"name":"(anonymous_6)","line":24,"loc":{"start":{"line":24,"column":7},"end":{"line":24,"column":10}}},"7":{"name":"(anonymous_7)","line":28,"loc":{"start":{"line":28,"column":6},"end":{"line":28,"column":9}}}},"statementMap":{"1":{"start":{"line":5,"column":4},"end":{"line":5,"column":19}},"2":{"start":{"line":9,"column":4},"end":{"line":9,"column":24}},"3":{"start":{"line":13,"column":4},"end":{"line":13,"column":29}},"4":{"start":{"line":17,"column":4},"end":{"line":17,"column":24}},"5":{"start":{"line":21,"column":4},"end":{"line":21,"column":34}},"6":{"start":{"line":25,"column":4},"end":{"line":25,"column":19}},"7":{"start":{"line":29,"column":4},"end":{"line":29,"column":28}},"8":{"start":{"line":34,"column":0},"end":{"line":34,"column":23}}},"branchMap":{}},"/Users/zengkai/Code/Project/Data-Structure-Algorithms/src/stack.js":{"path":"/Users/zengkai/Code/Project/Data-Structure-Algorithms/src/stack.js","s":{"1":5,"2":5,"3":1,"4":1,"5":2,"6":1},"b":{},"f":{"1":5,"2":5,"3":1,"4":1,"5":2},"fnMap":{"1":{"name":"(anonymous_1)","line":4,"loc":{"start":{"line":4,"column":12},"end":{"line":4,"column":15}}},"2":{"name":"(anonymous_2)","line":8,"loc":{"start":{"line":8,"column":5},"end":{"line":8,"column":11}}},"3":{"name":"(anonymous_3)","line":12,"loc":{"start":{"line":12,"column":4},"end":{"line":12,"column":7}}},"4":{"name":"(anonymous_4)","line":16,"loc":{"start":{"line":16,"column":5},"end":{"line":16,"column":8}}},"5":{"name":"(anonymous_5)","line":20,"loc":{"start":{"line":20,"column":8},"end":{"line":20,"column":11}}}},"statementMap":{"1":{"start":{"line":5,"column":2},"end":{"line":5,"column":17}},"2":{"start":{"line":9,"column":2},"end":{"line":9,"column":22}},"3":{"start":{"line":13,"column":2},"end":{"line":13,"column":25}},"4":{"start":{"line":17,"column":2},"end":{"line":17,"column":42}},"5":{"start":{"line":21,"column":2},"end":{"line":21,"column":32}},"6":{"start":{"line":25,"column":0},"end":{"line":25,"column":23}}},"branchMap":{}}}