{"/Users/zengkai/Code/Project/Data-Structure-Algorithms/src/link_list.js":{"path":"/Users/zengkai/Code/Project/Data-Structure-Algorithms/src/link_list.js","s":{"1":0,"2":0,"3":1,"4":1,"5":1},"b":{},"f":{"1":0,"2":1,"3":0,"4":0,"5":0,"6":0,"7":0,"8":0,"9":0,"10":0,"11":0},"fnMap":{"1":{"name":"(anonymous_1)","line":4,"loc":{"start":{"line":4,"column":13},"end":{"line":4,"column":23}}},"2":{"name":"(anonymous_2)","line":12,"loc":{"start":{"line":12,"column":13},"end":{"line":12,"column":16}}},"3":{"name":"(anonymous_3)","line":17,"loc":{"start":{"line":17,"column":8},"end":{"line":17,"column":14}}},"4":{"name":"(anonymous_4)","line":21,"loc":{"start":{"line":21,"column":8},"end":{"line":21,"column":24}}},"5":{"name":"(anonymous_5)","line":25,"loc":{"start":{"line":25,"column":10},"end":{"line":25,"column":21}}},"6":{"name":"(anonymous_6)","line":29,"loc":{"start":{"line":29,"column":8},"end":{"line":29,"column":14}}},"7":{"name":"(anonymous_7)","line":33,"loc":{"start":{"line":33,"column":9},"end":{"line":33,"column":12}}},"8":{"name":"(anonymous_8)","line":37,"loc":{"start":{"line":37,"column":9},"end":{"line":37,"column":12}}},"9":{"name":"(anonymous_9)","line":41,"loc":{"start":{"line":41,"column":6},"end":{"line":41,"column":9}}},"10":{"name":"(anonymous_10)","line":45,"loc":{"start":{"line":45,"column":10},"end":{"line":45,"column":13}}},"11":{"name":"(anonymous_11)","line":49,"loc":{"start":{"line":49,"column":7},"end":{"line":49,"column":10}}}},"statementMap":{"1":{"start":{"line":5,"column":4},"end":{"line":5,"column":26}},"2":{"start":{"line":6,"column":4},"end":{"line":6,"column":20}},"3":{"start":{"line":13,"column":4},"end":{"line":13,"column":19}},"4":{"start":{"line":14,"column":4},"end":{"line":14,"column":20}},"5":{"start":{"line":54,"column":0},"end":{"line":54,"column":26}}},"branchMap":{}},"/Users/zengkai/Code/Project/Data-Structure-Algorithms/src/queue.js":{"path":"/Users/zengkai/Code/Project/Data-Structure-Algorithms/src/queue.js","s":{"1":6,"2":7,"3":1,"4":1,"5":1,"6":1,"7":1,"8":1},"b":{},"f":{"1":6,"2":7,"3":1,"4":1,"5":1,"6":1,"7":1},"fnMap":{"1":{"name":"(anonymous_1)","line":4,"loc":{"start":{"line":4,"column":13},"end":{"line":4,"column":16}}},"2":{"name":"(anonymous_2)","line":8,"loc":{"start":{"line":8,"column":9},"end":{"line":8,"column":15}}},"3":{"name":"(anonymous_3)","line":12,"loc":{"start":{"line":12,"column":9},"end":{"line":12,"column":12}}},"4":{"name":"(anonymous_4)","line":16,"loc":{"start":{"line":16,"column":7},"end":{"line":16,"column":10}}},"5":{"name":"(anonymous_5)","line":20,"loc":{"start":{"line":20,"column":9},"end":{"line":20,"column":12}}},"6":{"name":"(anonymous_6)","line":24,"loc":{"start":{"line":24,"column":7},"end":{"line":24,"column":10}}},"7":{"name":"(anonymous_7)","line":28,"loc":{"start":{"line":28,"column":6},"end":{"line":28,"column":9}}}},"statementMap":{"1":{"start":{"line":5,"column":4},"end":{"line":5,"column":19}},"2":{"start":{"line":9,"column":4},"end":{"line":9,"column":24}},"3":{"start":{"line":13,"column":4},"end":{"line":13,"column":29}},"4":{"start":{"line":17,"column":4},"end":{"line":17,"column":24}},"5":{"start":{"line":21,"column":4},"end":{"line":21,"column":34}},"6":{"start":{"line":25,"column":4},"end":{"line":25,"column":19}},"7":{"start":{"line":29,"column":4},"end":{"line":29,"column":28}},"8":{"start":{"line":34,"column":0},"end":{"line":34,"column":23}}},"branchMap":{}},"/Users/zengkai/Code/Project/Data-Structure-Algorithms/src/stack.js":{"path":"/Users/zengkai/Code/Project/Data-Structure-Algorithms/src/stack.js","s":{"1":5,"2":5,"3":1,"4":1,"5":2,"6":1},"b":{},"f":{"1":5,"2":5,"3":1,"4":1,"5":2},"fnMap":{"1":{"name":"(anonymous_1)","line":4,"loc":{"start":{"line":4,"column":12},"end":{"line":4,"column":15}}},"2":{"name":"(anonymous_2)","line":8,"loc":{"start":{"line":8,"column":5},"end":{"line":8,"column":11}}},"3":{"name":"(anonymous_3)","line":12,"loc":{"start":{"line":12,"column":4},"end":{"line":12,"column":7}}},"4":{"name":"(anonymous_4)","line":16,"loc":{"start":{"line":16,"column":5},"end":{"line":16,"column":8}}},"5":{"name":"(anonymous_5)","line":20,"loc":{"start":{"line":20,"column":8},"end":{"line":20,"column":11}}}},"statementMap":{"1":{"start":{"line":5,"column":2},"end":{"line":5,"column":17}},"2":{"start":{"line":9,"column":2},"end":{"line":9,"column":22}},"3":{"start":{"line":13,"column":2},"end":{"line":13,"column":25}},"4":{"start":{"line":17,"column":2},"end":{"line":17,"column":42}},"5":{"start":{"line":21,"column":2},"end":{"line":21,"column":32}},"6":{"start":{"line":25,"column":0},"end":{"line":25,"column":23}}},"branchMap":{}}}